<?xml version="1.0" encoding="UTF-8"?>
<testng-results ignored="0" total="1" passed="1" failed="0" skipped="0">
  <reporter-output>
  </reporter-output>
  <suite started-at="2019-08-16T07:38:45Z" name="Aroha suite" finished-at="2019-08-16T07:39:06Z" duration-ms="21223">
    <groups>
    </groups>
    <test started-at="2019-08-16T07:38:45Z" name="sandeep test" finished-at="2019-08-16T07:39:06Z" duration-ms="21223">
      <class name="com.test.LoginTest">
        <test-method is-config="true" signature="setUp()[pri:0, instance:com.test.LoginTest@5ba3f27a]" started-at="2019-08-16T07:38:45Z" name="setUp" finished-at="2019-08-16T07:38:53Z" duration-ms="8053" status="PASS">
          <reporter-output>
          </reporter-output>
        </test-method> <!-- setUp -->
        <test-method signature="Logintest()[pri:0, instance:com.test.LoginTest@5ba3f27a]" started-at="2019-08-16T07:38:53Z" name="Logintest" finished-at="2019-08-16T07:39:05Z" duration-ms="12406" status="PASS">
          <reporter-output>
          </reporter-output>
        </test-method> <!-- Logintest -->
        <test-method is-config="true" signature="tearDown()[pri:0, instance:com.test.LoginTest@5ba3f27a]" started-at="2019-08-16T07:39:05Z" name="tearDown" finished-at="2019-08-16T07:39:06Z" duration-ms="690" status="PASS">
          <reporter-output>
          </reporter-output>
        </test-method> <!-- tearDown -->
      </class> <!-- com.test.LoginTest -->
    </test> <!-- sandeep test -->
  </suite> <!-- Aroha suite -->
</testng-results>
